2025-06-12 11:33:34,703 - INFO - Scan controller started.
2025-06-12 11:33:34,822 - INFO - Stage moved to (0.0, 1.2) on attempt 1
2025-06-12 11:33:34,829 - INFO - Sensor measured value: 0.5220912640679789
2025-06-12 11:33:34,834 - INFO - Points (0.0, 1.2) - Raw: 0.5220912640679789, Filtered: 0.52
2025-06-12 11:33:34,938 - INFO - Stage moved to (5.061111111111111, 1.2) on attempt 1
2025-06-12 11:33:34,943 - INFO - Sensor measured value: 1.1522285734399944
2025-06-12 11:33:34,945 - INFO - Points (5.061111111111111, 1.2) - Raw: 1.1522285734399944, Filtered: 0.84
2025-06-12 11:33:35,059 - INFO - Stage moved to (10.122222222222222, 1.2) on attempt 1
2025-06-12 11:33:35,064 - INFO - Sensor measured value: 0.8482356077690989
2025-06-12 11:33:35,067 - INFO - Points (10.122222222222222, 1.2) - Raw: 0.8482356077690989, Filtered: 0.84
2025-06-12 11:33:35,172 - INFO - Stage moved to (15.183333333333334, 1.2) on attempt 1
2025-06-12 11:33:35,177 - INFO - Sensor measured value: 1.0364113567352078
2025-06-12 11:33:35,185 - INFO - Points (15.183333333333334, 1.2) - Raw: 1.0364113567352078, Filtered: 0.89
2025-06-12 11:33:35,289 - INFO - Stage moved to (20.244444444444444, 1.2) on attempt 1
2025-06-12 11:33:35,292 - INFO - Sensor measured value: 0.8328164745960887
2025-06-12 11:33:35,297 - INFO - Points (20.244444444444444, 1.2) - Raw: 0.8328164745960887, Filtered: 0.88
2025-06-12 11:33:35,400 - INFO - Stage moved to (25.305555555555554, 1.2) on attempt 1
2025-06-12 11:33:35,403 - INFO - Sensor measured value: 1.0900256175773957
2025-06-12 11:33:35,410 - INFO - Points (25.305555555555554, 1.2) - Raw: 1.0900256175773957, Filtered: 0.91
2025-06-12 11:33:35,517 - WARNING - Move failed at attempt 1: Stage timeout moving to (30.37,1.20)
2025-06-12 11:33:36,624 - INFO - Stage moved to (30.366666666666667, 1.2) on attempt 2
2025-06-12 11:33:36,639 - INFO - Sensor measured value: 0.8209148027543219
2025-06-12 11:33:36,648 - INFO - Points (30.366666666666667, 1.2) - Raw: 0.8209148027543219, Filtered: 0.96
2025-06-12 11:33:36,759 - INFO - Stage moved to (35.42777777777778, 1.2) on attempt 1
2025-06-12 11:33:36,765 - INFO - Sensor measured value: 0.8611685217986516
2025-06-12 11:33:36,769 - INFO - Points (35.42777777777778, 1.2) - Raw: 0.8611685217986516, Filtered: 0.91
2025-06-12 11:33:36,885 - INFO - Stage moved to (40.48888888888889, 1.2) on attempt 1
2025-06-12 11:33:36,895 - INFO - Sensor measured value: 0.6919576581184849
2025-06-12 11:33:36,928 - INFO - Points (40.48888888888889, 1.2) - Raw: 0.6919576581184849, Filtered: 0.89
2025-06-12 11:33:37,037 - WARNING - Move failed at attempt 1: Stage timeout moving to (45.55,1.20)
2025-06-12 11:33:38,168 - INFO - Stage moved to (45.55, 1.2) on attempt 2
2025-06-12 11:33:38,172 - INFO - Sensor measured value: 0.9723200026232105
2025-06-12 11:33:38,175 - INFO - Points (45.55, 1.2) - Raw: 0.9723200026232105, Filtered: 0.88
2025-06-12 11:33:38,279 - INFO - Stage moved to (45.55, 5.027777777777778) on attempt 1
2025-06-12 11:33:38,293 - INFO - Sensor measured value: 1.0871980802019663
2025-06-12 11:33:38,297 - INFO - Points (45.55, 5.027777777777778) - Raw: 1.0871980802019663, Filtered: 0.92
2025-06-12 11:33:38,404 - INFO - Stage moved to (40.48888888888889, 5.027777777777778) on attempt 1
2025-06-12 11:33:38,413 - INFO - Sensor measured value: 1.341250908848059
2025-06-12 11:33:38,421 - INFO - Points (40.48888888888889, 5.027777777777778) - Raw: 1.341250908848059, Filtered: 0.96
2025-06-12 11:33:38,537 - INFO - Stage moved to (35.42777777777778, 5.027777777777778) on attempt 1
2025-06-12 11:33:38,554 - INFO - Sensor measured value: 0.8923760564750605
2025-06-12 11:33:38,565 - INFO - Points (35.42777777777778, 5.027777777777778) - Raw: 0.8923760564750605, Filtered: 0.97
2025-06-12 11:33:38,686 - INFO - Stage moved to (30.366666666666667, 5.027777777777778) on attempt 1
2025-06-12 11:33:38,697 - INFO - Sensor measured value: 1.3032049650462796
2025-06-12 11:33:38,712 - INFO - Points (30.366666666666667, 5.027777777777778) - Raw: 1.3032049650462796, Filtered: 1.05
2025-06-12 11:33:38,840 - INFO - Stage moved to (25.305555555555554, 5.027777777777778) on attempt 1
2025-06-12 11:33:38,843 - INFO - Sensor measured value: 1.1022160255740796
2025-06-12 11:33:38,848 - INFO - Points (25.305555555555554, 5.027777777777778) - Raw: 1.1022160255740796, Filtered: 1.12
2025-06-12 11:33:38,959 - INFO - Stage moved to (20.244444444444444, 5.027777777777778) on attempt 1
2025-06-12 11:33:38,961 - INFO - Sensor measured value: 1.306313289670853
2025-06-12 11:33:38,963 - INFO - Points (20.244444444444444, 5.027777777777778) - Raw: 1.306313289670853, Filtered: 1.17
2025-06-12 11:33:39,077 - INFO - Stage moved to (15.183333333333334, 5.027777777777778) on attempt 1
2025-06-12 11:33:39,092 - INFO - Sensor measured value: 0.6918549776737486
2025-06-12 11:33:39,094 - INFO - Points (15.183333333333334, 5.027777777777778) - Raw: 0.6918549776737486, Filtered: 1.11
2025-06-12 11:33:39,206 - INFO - Stage moved to (10.122222222222222, 5.027777777777778) on attempt 1
2025-06-12 11:33:39,221 - INFO - Sensor measured value: 0.8403148579974585
2025-06-12 11:33:39,238 - INFO - Points (10.122222222222222, 5.027777777777778) - Raw: 0.8403148579974585, Filtered: 1.02
2025-06-12 11:33:39,364 - INFO - Stage moved to (5.061111111111111, 5.027777777777778) on attempt 1
2025-06-12 11:33:39,381 - INFO - Sensor measured value: 0.9690613258141791
2025-06-12 11:33:39,389 - INFO - Points (5.061111111111111, 5.027777777777778) - Raw: 0.9690613258141791, Filtered: 1.04
2025-06-12 11:33:39,498 - INFO - Stage moved to (0.0, 5.027777777777778) on attempt 1
2025-06-12 11:33:39,505 - INFO - Sensor measured value: 0.7568822224129532
2025-06-12 11:33:39,513 - INFO - Points (0.0, 5.027777777777778) - Raw: 0.7568822224129532, Filtered: 0.94
2025-06-12 11:33:39,622 - INFO - Stage moved to (0.0, 8.855555555555554) on attempt 1
2025-06-12 11:33:39,628 - INFO - Sensor measured value: 0.801197873086012
2025-06-12 11:33:39,638 - INFO - Points (0.0, 8.855555555555554) - Raw: 0.801197873086012, Filtered: 0.89
2025-06-12 11:33:39,757 - INFO - Stage moved to (5.061111111111111, 8.855555555555554) on attempt 1
2025-06-12 11:33:39,765 - INFO - Sensor measured value: 0.7251092027458248
2025-06-12 11:33:39,768 - INFO - Points (5.061111111111111, 8.855555555555554) - Raw: 0.7251092027458248, Filtered: 0.8
2025-06-12 11:33:39,876 - INFO - Stage moved to (10.122222222222222, 8.855555555555554) on attempt 1
2025-06-12 11:33:39,880 - INFO - Sensor measured value: 1.0295139811463163
2025-06-12 11:33:39,925 - INFO - Points (10.122222222222222, 8.855555555555554) - Raw: 1.0295139811463163, Filtered: 0.85
2025-06-12 11:33:40,075 - INFO - Stage moved to (15.183333333333334, 8.855555555555554) on attempt 1
2025-06-12 11:33:40,110 - INFO - Sensor measured value: 1.062151868569885
2025-06-12 11:33:40,137 - INFO - Points (15.183333333333334, 8.855555555555554) - Raw: 1.062151868569885, Filtered: 0.89
2025-06-12 11:33:40,276 - INFO - Stage moved to (20.244444444444444, 8.855555555555554) on attempt 1
2025-06-12 11:33:40,320 - INFO - Sensor measured value: 0.9733045725493548
2025-06-12 11:33:40,385 - INFO - Points (20.244444444444444, 8.855555555555554) - Raw: 0.9733045725493548, Filtered: 0.89
2025-06-12 11:33:40,544 - INFO - Stage moved to (25.305555555555554, 8.855555555555554) on attempt 1
2025-06-12 11:33:40,593 - INFO - Sensor measured value: 0.8134372631411861
2025-06-12 11:33:40,739 - INFO - Points (25.305555555555554, 8.855555555555554) - Raw: 0.8134372631411861, Filtered: 0.9
2025-06-12 11:33:40,976 - INFO - Stage moved to (30.366666666666667, 8.855555555555554) on attempt 1
2025-06-12 11:33:41,237 - INFO - Sensor measured value: 1.0030545207338832
2025-06-12 11:33:41,286 - INFO - Points (30.366666666666667, 8.855555555555554) - Raw: 1.0030545207338832, Filtered: 0.93
2025-06-12 11:33:41,516 - INFO - Stage moved to (35.42777777777778, 8.855555555555554) on attempt 1
2025-06-12 11:33:41,580 - INFO - Sensor measured value: 1.0931284692877266
2025-06-12 11:33:41,650 - INFO - Points (35.42777777777778, 8.855555555555554) - Raw: 1.0931284692877266, Filtered: 1.0
2025-06-12 11:33:41,823 - INFO - Stage moved to (40.48888888888889, 8.855555555555554) on attempt 1
2025-06-12 11:33:41,832 - INFO - Sensor measured value: 0.9125949324365162
2025-06-12 11:33:41,856 - INFO - Points (40.48888888888889, 8.855555555555554) - Raw: 0.9125949324365162, Filtered: 0.98
2025-06-12 11:33:41,996 - INFO - Stage moved to (45.55, 8.855555555555554) on attempt 1
2025-06-12 11:33:42,003 - INFO - Sensor measured value: 1.2308988635173204
2025-06-12 11:33:42,012 - INFO - Points (45.55, 8.855555555555554) - Raw: 1.2308988635173204, Filtered: 1.0
2025-06-12 11:33:42,121 - INFO - Stage moved to (45.55, 12.683333333333332) on attempt 1
2025-06-12 11:33:42,126 - INFO - Sensor measured value: 1.018278680630909
2025-06-12 11:33:42,136 - INFO - Points (45.55, 12.683333333333332) - Raw: 1.018278680630909, Filtered: 1.01
2025-06-12 11:33:42,267 - INFO - Stage moved to (40.48888888888889, 12.683333333333332) on attempt 1
2025-06-12 11:33:42,274 - INFO - Sensor measured value: 0.6880817109414423
2025-06-12 11:33:42,291 - INFO - Points (40.48888888888889, 12.683333333333332) - Raw: 0.6880817109414423, Filtered: 0.99
2025-06-12 11:33:42,414 - INFO - Stage moved to (35.42777777777778, 12.683333333333332) on attempt 1
2025-06-12 11:33:42,421 - INFO - Sensor measured value: 1.2196318907932182
2025-06-12 11:33:42,429 - INFO - Points (35.42777777777778, 12.683333333333332) - Raw: 1.2196318907932182, Filtered: 1.03
2025-06-12 11:33:42,570 - INFO - Stage moved to (30.366666666666667, 12.683333333333332) on attempt 1
2025-06-12 11:33:42,585 - INFO - Sensor measured value: 0.8597304833819842
2025-06-12 11:33:42,590 - INFO - Points (30.366666666666667, 12.683333333333332) - Raw: 0.8597304833819842, Filtered: 0.99
2025-06-12 11:33:42,723 - INFO - Stage moved to (25.305555555555554, 12.683333333333332) on attempt 1
2025-06-12 11:33:42,765 - INFO - Sensor measured value: 0.8582709272771682
2025-06-12 11:33:42,817 - INFO - Points (25.305555555555554, 12.683333333333332) - Raw: 0.8582709272771682, Filtered: 0.98
2025-06-12 11:33:42,933 - INFO - Stage moved to (20.244444444444444, 12.683333333333332) on attempt 1
2025-06-12 11:33:42,940 - INFO - Sensor measured value: 1.060993688192279
2025-06-12 11:33:42,965 - INFO - Points (20.244444444444444, 12.683333333333332) - Raw: 1.060993688192279, Filtered: 0.95
2025-06-12 11:33:43,132 - INFO - Stage moved to (15.183333333333334, 12.683333333333332) on attempt 1
2025-06-12 11:33:43,182 - INFO - Sensor measured value: 1.3491695504175132
2025-06-12 11:33:43,243 - INFO - Points (15.183333333333334, 12.683333333333332) - Raw: 1.3491695504175132, Filtered: 1.01
2025-06-12 11:33:43,396 - INFO - Stage moved to (10.122222222222222, 12.683333333333332) on attempt 1
2025-06-12 11:33:43,402 - INFO - Sensor measured value: 0.9413201547669525
2025-06-12 11:33:43,414 - INFO - Points (10.122222222222222, 12.683333333333332) - Raw: 0.9413201547669525, Filtered: 1.05
2025-06-12 11:33:43,530 - INFO - Stage moved to (5.061111111111111, 12.683333333333332) on attempt 1
2025-06-12 11:33:43,537 - INFO - Sensor measured value: 1.2939621725639712
2025-06-12 11:33:43,555 - INFO - Points (5.061111111111111, 12.683333333333332) - Raw: 1.2939621725639712, Filtered: 1.06
2025-06-12 11:33:43,685 - INFO - Stage moved to (0.0, 12.683333333333332) on attempt 1
2025-06-12 11:33:43,693 - INFO - Sensor measured value: 1.176473471030104
2025-06-12 11:33:43,703 - INFO - Points (0.0, 12.683333333333332) - Raw: 1.176473471030104, Filtered: 1.11
2025-06-12 11:33:43,821 - INFO - Stage moved to (0.0, 16.51111111111111) on attempt 1
2025-06-12 11:33:43,829 - INFO - Sensor measured value: 1.1705592068191537
2025-06-12 11:33:43,833 - INFO - Points (0.0, 16.51111111111111) - Raw: 1.1705592068191537, Filtered: 1.17
2025-06-12 11:33:43,938 - INFO - Stage moved to (5.061111111111111, 16.51111111111111) on attempt 1
2025-06-12 11:33:43,945 - INFO - Sensor measured value: 0.9861491954900276
2025-06-12 11:33:43,974 - INFO - Points (5.061111111111111, 16.51111111111111) - Raw: 0.9861491954900276, Filtered: 1.15
2025-06-12 11:33:44,123 - INFO - Stage moved to (10.122222222222222, 16.51111111111111) on attempt 1
2025-06-12 11:33:44,137 - INFO - Sensor measured value: 0.9100727181584862
2025-06-12 11:33:44,143 - INFO - Points (10.122222222222222, 16.51111111111111) - Raw: 0.9100727181584862, Filtered: 1.08
2025-06-12 11:33:44,252 - INFO - Stage moved to (15.183333333333334, 16.51111111111111) on attempt 1
2025-06-12 11:33:44,257 - INFO - Sensor measured value: 1.0332127246365443
2025-06-12 11:33:44,264 - INFO - Points (15.183333333333334, 16.51111111111111) - Raw: 1.0332127246365443, Filtered: 1.1
2025-06-12 11:33:44,367 - INFO - Stage moved to (20.244444444444444, 16.51111111111111) on attempt 1
2025-06-12 11:33:44,369 - INFO - Sensor measured value: 1.2403953684286337
2025-06-12 11:33:44,370 - INFO - Points (20.244444444444444, 16.51111111111111) - Raw: 1.2403953684286337, Filtered: 1.09
2025-06-12 11:33:44,473 - INFO - Stage moved to (25.305555555555554, 16.51111111111111) on attempt 1
2025-06-12 11:33:44,481 - INFO - Sensor measured value: 1.1851391958135724
2025-06-12 11:33:44,484 - INFO - Points (25.305555555555554, 16.51111111111111) - Raw: 1.1851391958135724, Filtered: 1.09
2025-06-12 11:33:44,591 - INFO - Stage moved to (30.366666666666667, 16.51111111111111) on attempt 1
2025-06-12 11:33:44,601 - INFO - Sensor measured value: 1.0770708431038416
2025-06-12 11:33:44,609 - INFO - Points (30.366666666666667, 16.51111111111111) - Raw: 1.0770708431038416, Filtered: 1.07
2025-06-12 11:33:44,714 - INFO - Stage moved to (35.42777777777778, 16.51111111111111) on attempt 1
2025-06-12 11:33:44,718 - INFO - Sensor measured value: 0.9867414474068162
2025-06-12 11:33:44,720 - INFO - Points (35.42777777777778, 16.51111111111111) - Raw: 0.9867414474068162, Filtered: 1.07
2025-06-12 11:33:44,822 - INFO - Stage moved to (40.48888888888889, 16.51111111111111) on attempt 1
2025-06-12 11:33:44,829 - INFO - Sensor measured value: 0.856777804370789
2025-06-12 11:33:44,832 - INFO - Points (40.48888888888889, 16.51111111111111) - Raw: 0.856777804370789, Filtered: 1.06
2025-06-12 11:33:44,935 - INFO - Stage moved to (45.55, 16.51111111111111) on attempt 1
2025-06-12 11:33:44,937 - INFO - Sensor measured value: 1.0022001768428102
2025-06-12 11:33:44,941 - INFO - Points (45.55, 16.51111111111111) - Raw: 1.0022001768428102, Filtered: 1.06
2025-06-12 11:33:45,048 - INFO - Stage moved to (45.55, 20.338888888888885) on attempt 1
2025-06-12 11:33:45,052 - INFO - Sensor measured value: 1.276176665325031
2025-06-12 11:33:45,060 - INFO - Points (45.55, 20.338888888888885) - Raw: 1.276176665325031, Filtered: 1.06
2025-06-12 11:33:45,169 - INFO - Stage moved to (40.48888888888889, 20.338888888888885) on attempt 1
2025-06-12 11:33:45,179 - INFO - Sensor measured value: 0.7972957371082254
2025-06-12 11:33:45,184 - INFO - Points (40.48888888888889, 20.338888888888885) - Raw: 0.7972957371082254, Filtered: 1.0
2025-06-12 11:33:45,293 - INFO - Stage moved to (35.42777777777778, 20.338888888888885) on attempt 1
2025-06-12 11:33:45,301 - INFO - Sensor measured value: 1.0329731274618603
2025-06-12 11:33:45,319 - INFO - Points (35.42777777777778, 20.338888888888885) - Raw: 1.0329731274618603, Filtered: 0.99
2025-06-12 11:33:45,423 - INFO - Stage moved to (30.366666666666667, 20.338888888888885) on attempt 1
2025-06-12 11:33:45,430 - INFO - Sensor measured value: 1.0861064297181589
2025-06-12 11:33:45,441 - INFO - Points (30.366666666666667, 20.338888888888885) - Raw: 1.0861064297181589, Filtered: 1.01
2025-06-12 11:33:45,553 - INFO - Stage moved to (25.305555555555554, 20.338888888888885) on attempt 1
2025-06-12 11:33:45,555 - INFO - Sensor measured value: 0.8254858550525858
2025-06-12 11:33:45,557 - INFO - Points (25.305555555555554, 20.338888888888885) - Raw: 0.8254858550525858, Filtered: 1.0
2025-06-12 11:33:45,659 - INFO - Stage moved to (20.244444444444444, 20.338888888888885) on attempt 1
2025-06-12 11:33:45,663 - INFO - Sensor measured value: 1.2624892124231961
2025-06-12 11:33:45,664 - INFO - Points (20.244444444444444, 20.338888888888885) - Raw: 1.2624892124231961, Filtered: 1.05
2025-06-12 11:33:45,767 - INFO - Stage moved to (15.183333333333334, 20.338888888888885) on attempt 1
2025-06-12 11:33:45,770 - INFO - Sensor measured value: 1.0154600863267051
2025-06-12 11:33:45,772 - INFO - Points (15.183333333333334, 20.338888888888885) - Raw: 1.0154600863267051, Filtered: 1.0
2025-06-12 11:33:45,875 - INFO - Stage moved to (10.122222222222222, 20.338888888888885) on attempt 1
2025-06-12 11:33:45,877 - INFO - Sensor measured value: 1.2054911847438545
2025-06-12 11:33:45,879 - INFO - Points (10.122222222222222, 20.338888888888885) - Raw: 1.2054911847438545, Filtered: 1.07
2025-06-12 11:33:45,982 - INFO - Stage moved to (5.061111111111111, 20.338888888888885) on attempt 1
2025-06-12 11:33:45,984 - INFO - Sensor measured value: 0.4525043334391874
2025-06-12 11:33:45,986 - INFO - Points (5.061111111111111, 20.338888888888885) - Raw: 0.4525043334391874, Filtered: 0.97
2025-06-12 11:33:46,088 - INFO - Stage moved to (0.0, 20.338888888888885) on attempt 1
2025-06-12 11:33:46,090 - INFO - Sensor measured value: 0.7360851280906013
2025-06-12 11:33:46,092 - INFO - Points (0.0, 20.338888888888885) - Raw: 0.7360851280906013, Filtered: 0.92
2025-06-12 11:33:46,195 - WARNING - Move failed at attempt 1: Stage timeout moving to (0.00,24.17)
2025-06-12 11:33:47,311 - INFO - Stage moved to (0.0, 24.166666666666664) on attempt 2
2025-06-12 11:33:47,313 - INFO - Sensor measured value: 1.2237796422919616
2025-06-12 11:33:47,317 - INFO - Points (0.0, 24.166666666666664) - Raw: 1.2237796422919616, Filtered: 0.98
2025-06-12 11:33:47,438 - INFO - Stage moved to (5.061111111111111, 24.166666666666664) on attempt 1
2025-06-12 11:33:47,460 - INFO - Sensor measured value: 0.9330496106918637
2025-06-12 11:33:47,480 - INFO - Points (5.061111111111111, 24.166666666666664) - Raw: 0.9330496106918637, Filtered: 0.93
2025-06-12 11:33:47,604 - INFO - Stage moved to (10.122222222222222, 24.166666666666664) on attempt 1
2025-06-12 11:33:47,619 - INFO - Sensor measured value: 1.2536833544931343
2025-06-12 11:33:47,622 - INFO - Points (10.122222222222222, 24.166666666666664) - Raw: 1.2536833544931343, Filtered: 0.97
2025-06-12 11:33:47,761 - INFO - Stage moved to (15.183333333333334, 24.166666666666664) on attempt 1
2025-06-12 11:33:47,795 - INFO - Sensor measured value: 0.4196093782196565
2025-06-12 11:33:47,837 - INFO - Points (15.183333333333334, 24.166666666666664) - Raw: 0.4196093782196565, Filtered: 0.84
2025-06-12 11:33:47,955 - INFO - Stage moved to (20.244444444444444, 24.166666666666664) on attempt 1
2025-06-12 11:33:47,965 - INFO - Sensor measured value: 1.2401611532566275
2025-06-12 11:33:47,980 - INFO - Points (20.244444444444444, 24.166666666666664) - Raw: 1.2401611532566275, Filtered: 0.97
2025-06-12 11:33:48,090 - INFO - Stage moved to (25.305555555555554, 24.166666666666664) on attempt 1
2025-06-12 11:33:48,113 - INFO - Sensor measured value: 1.0855765004877824
2025-06-12 11:33:48,128 - INFO - Points (25.305555555555554, 24.166666666666664) - Raw: 1.0855765004877824, Filtered: 1.03
2025-06-12 11:33:48,300 - INFO - Stage moved to (30.366666666666667, 24.166666666666664) on attempt 1
2025-06-12 11:33:48,302 - INFO - Sensor measured value: 1.3299329910802438
2025-06-12 11:33:48,326 - INFO - Points (30.366666666666667, 24.166666666666664) - Raw: 1.3299329910802438, Filtered: 1.04
2025-06-12 11:33:48,436 - INFO - Stage moved to (35.42777777777778, 24.166666666666664) on attempt 1
2025-06-12 11:33:48,439 - INFO - Sensor measured value: 0.8861842870830028
2025-06-12 11:33:48,442 - INFO - Points (35.42777777777778, 24.166666666666664) - Raw: 0.8861842870830028, Filtered: 1.04
2025-06-12 11:33:48,554 - INFO - Stage moved to (40.48888888888889, 24.166666666666664) on attempt 1
2025-06-12 11:33:48,557 - INFO - Sensor measured value: 1.132351997970434
2025-06-12 11:33:48,558 - INFO - Points (40.48888888888889, 24.166666666666664) - Raw: 1.132351997970434, Filtered: 1.02
2025-06-12 11:33:48,662 - INFO - Stage moved to (45.55, 24.166666666666664) on attempt 1
2025-06-12 11:33:48,664 - INFO - Sensor measured value: 0.8462084298961197
2025-06-12 11:33:48,666 - INFO - Points (45.55, 24.166666666666664) - Raw: 0.8462084298961197, Filtered: 1.09
2025-06-12 11:33:48,768 - INFO - Stage moved to (45.55, 27.994444444444444) on attempt 1
2025-06-12 11:33:48,770 - INFO - Sensor measured value: 0.8937513112938582
2025-06-12 11:33:48,773 - INFO - Points (45.55, 27.994444444444444) - Raw: 0.8937513112938582, Filtered: 1.03
2025-06-12 11:33:48,876 - INFO - Stage moved to (40.48888888888889, 27.994444444444444) on attempt 1
2025-06-12 11:33:48,898 - INFO - Sensor measured value: 1.4492118141747021
2025-06-12 11:33:48,923 - INFO - Points (40.48888888888889, 27.994444444444444) - Raw: 1.4492118141747021, Filtered: 1.09
2025-06-12 11:33:49,068 - INFO - Stage moved to (35.42777777777778, 27.994444444444444) on attempt 1
2025-06-12 11:33:49,084 - INFO - Sensor measured value: 0.6471496668686159
2025-06-12 11:33:49,134 - INFO - Points (35.42777777777778, 27.994444444444444) - Raw: 0.6471496668686159, Filtered: 0.98
2025-06-12 11:33:49,394 - INFO - Stage moved to (30.366666666666667, 27.994444444444444) on attempt 1
2025-06-12 11:33:49,660 - INFO - Sensor measured value: 1.1121960638556807
2025-06-12 11:33:49,683 - INFO - Points (30.366666666666667, 27.994444444444444) - Raw: 1.1121960638556807, Filtered: 1.01
2025-06-12 11:33:49,803 - INFO - Stage moved to (25.305555555555554, 27.994444444444444) on attempt 1
2025-06-12 11:33:49,815 - INFO - Sensor measured value: 0.9152768382921661
2025-06-12 11:33:49,822 - INFO - Points (25.305555555555554, 27.994444444444444) - Raw: 0.9152768382921661, Filtered: 0.98
2025-06-12 11:33:49,932 - INFO - Stage moved to (20.244444444444444, 27.994444444444444) on attempt 1
2025-06-12 11:33:49,947 - INFO - Sensor measured value: 1.0545459152974515
2025-06-12 11:33:49,956 - INFO - Points (20.244444444444444, 27.994444444444444) - Raw: 1.0545459152974515, Filtered: 1.01
2025-06-12 11:33:50,079 - INFO - Stage moved to (15.183333333333334, 27.994444444444444) on attempt 1
2025-06-12 11:33:50,086 - INFO - Sensor measured value: 1.077410271893142
2025-06-12 11:33:50,097 - INFO - Points (15.183333333333334, 27.994444444444444) - Raw: 1.077410271893142, Filtered: 1.04
2025-06-12 11:33:50,227 - INFO - Stage moved to (10.122222222222222, 27.994444444444444) on attempt 1
2025-06-12 11:33:50,261 - INFO - Sensor measured value: 1.0018119917717114
2025-06-12 11:33:50,280 - INFO - Points (10.122222222222222, 27.994444444444444) - Raw: 1.0018119917717114, Filtered: 0.97
2025-06-12 11:33:50,392 - INFO - Stage moved to (5.061111111111111, 27.994444444444444) on attempt 1
2025-06-12 11:33:50,400 - INFO - Sensor measured value: 0.8270282208769
2025-06-12 11:33:50,417 - INFO - Points (5.061111111111111, 27.994444444444444) - Raw: 0.8270282208769, Filtered: 1.0
2025-06-12 11:33:50,532 - INFO - Stage moved to (0.0, 27.994444444444444) on attempt 1
2025-06-12 11:33:50,542 - INFO - Sensor measured value: 0.8967223126539771
2025-06-12 11:33:50,557 - INFO - Points (0.0, 27.994444444444444) - Raw: 0.8967223126539771, Filtered: 0.96
2025-06-12 11:33:50,671 - INFO - Stage moved to (0.0, 31.82222222222222) on attempt 1
2025-06-12 11:33:50,674 - INFO - Sensor measured value: 1.0863803277472985
2025-06-12 11:33:50,677 - INFO - Points (0.0, 31.82222222222222) - Raw: 1.0863803277472985, Filtered: 0.99
2025-06-12 11:33:50,779 - INFO - Stage moved to (5.061111111111111, 31.82222222222222) on attempt 1
2025-06-12 11:33:50,785 - INFO - Sensor measured value: 1.101995505959892
2025-06-12 11:33:50,790 - INFO - Points (5.061111111111111, 31.82222222222222) - Raw: 1.101995505959892, Filtered: 1.0
2025-06-12 11:33:50,894 - INFO - Stage moved to (10.122222222222222, 31.82222222222222) on attempt 1
2025-06-12 11:33:50,928 - INFO - Sensor measured value: 0.7663958346200518
2025-06-12 11:33:50,940 - INFO - Points (10.122222222222222, 31.82222222222222) - Raw: 0.7663958346200518, Filtered: 0.95
2025-06-12 11:33:51,050 - INFO - Stage moved to (15.183333333333334, 31.82222222222222) on attempt 1
2025-06-12 11:33:51,055 - INFO - Sensor measured value: 1.0086483375341035
2025-06-12 11:33:51,056 - INFO - Points (15.183333333333334, 31.82222222222222) - Raw: 1.0086483375341035, Filtered: 0.95
2025-06-12 11:33:51,160 - INFO - Stage moved to (20.244444444444444, 31.82222222222222) on attempt 1
2025-06-12 11:33:51,168 - INFO - Sensor measured value: 1.0563877973074263
2025-06-12 11:33:51,182 - INFO - Points (20.244444444444444, 31.82222222222222) - Raw: 1.0563877973074263, Filtered: 0.99
2025-06-12 11:33:51,285 - INFO - Stage moved to (25.305555555555554, 31.82222222222222) on attempt 1
2025-06-12 11:33:51,293 - INFO - Sensor measured value: 0.9116154360777662
2025-06-12 11:33:51,297 - INFO - Points (25.305555555555554, 31.82222222222222) - Raw: 0.9116154360777662, Filtered: 0.99
2025-06-12 11:33:51,425 - INFO - Stage moved to (30.366666666666667, 31.82222222222222) on attempt 1
2025-06-12 11:33:51,431 - INFO - Sensor measured value: 1.2298965808135762
2025-06-12 11:33:51,434 - INFO - Points (30.366666666666667, 31.82222222222222) - Raw: 1.2298965808135762, Filtered: 1.01
2025-06-12 11:33:51,539 - INFO - Stage moved to (35.42777777777778, 31.82222222222222) on attempt 1
2025-06-12 11:33:51,542 - INFO - Sensor measured value: 0.9690404494841446
2025-06-12 11:33:51,545 - INFO - Points (35.42777777777778, 31.82222222222222) - Raw: 0.9690404494841446, Filtered: 0.99
2025-06-12 11:33:51,650 - INFO - Stage moved to (40.48888888888889, 31.82222222222222) on attempt 1
2025-06-12 11:33:51,658 - INFO - Sensor measured value: 1.224293771682616
2025-06-12 11:33:51,666 - INFO - Points (40.48888888888889, 31.82222222222222) - Raw: 1.224293771682616, Filtered: 1.07
2025-06-12 11:33:51,769 - INFO - Stage moved to (45.55, 31.82222222222222) on attempt 1
2025-06-12 11:33:51,785 - INFO - Sensor measured value: 0.9064474474920209
2025-06-12 11:33:51,795 - INFO - Points (45.55, 31.82222222222222) - Raw: 0.9064474474920209, Filtered: 1.05
2025-06-12 11:33:51,904 - INFO - Stage moved to (45.55, 35.65) on attempt 1
2025-06-12 11:33:51,916 - INFO - Sensor measured value: 1.0424025476591283
2025-06-12 11:33:51,934 - INFO - Points (45.55, 35.65) - Raw: 1.0424025476591283, Filtered: 1.05
2025-06-12 11:33:52,038 - WARNING - Move failed at attempt 1: Stage timeout moving to (40.49,35.65)
2025-06-12 11:33:53,163 - INFO - Stage moved to (40.48888888888889, 35.65) on attempt 2
2025-06-12 11:33:53,176 - INFO - Sensor measured value: 1.4024192287612984
2025-06-12 11:33:53,197 - INFO - Points (40.48888888888889, 35.65) - Raw: 1.4024192287612984, Filtered: 1.13
2025-06-12 11:33:53,326 - WARNING - Move failed at attempt 1: Stage timeout moving to (35.43,35.65)
2025-06-12 11:33:54,477 - INFO - Stage moved to (35.42777777777778, 35.65) on attempt 2
2025-06-12 11:33:54,480 - INFO - Sensor measured value: 0.8535337804564466
2025-06-12 11:33:54,482 - INFO - Points (35.42777777777778, 35.65) - Raw: 0.8535337804564466, Filtered: 1.07
2025-06-12 11:33:54,586 - INFO - Stage moved to (30.366666666666667, 35.65) on attempt 1
2025-06-12 11:33:54,590 - INFO - Sensor measured value: 0.936111463750404
2025-06-12 11:33:54,593 - INFO - Points (30.366666666666667, 35.65) - Raw: 0.936111463750404, Filtered: 1.06
2025-06-12 11:33:54,696 - INFO - Stage moved to (25.305555555555554, 35.65) on attempt 1
2025-06-12 11:33:54,698 - INFO - Sensor measured value: 0.713051333034516
2025-06-12 11:33:54,702 - INFO - Points (25.305555555555554, 35.65) - Raw: 0.713051333034516, Filtered: 0.98
2025-06-12 11:33:54,811 - INFO - Stage moved to (20.244444444444444, 35.65) on attempt 1
2025-06-12 11:33:54,817 - INFO - Sensor measured value: 1.0007625255286536
2025-06-12 11:33:54,820 - INFO - Points (20.244444444444444, 35.65) - Raw: 1.0007625255286536, Filtered: 0.99
2025-06-12 11:33:54,929 - INFO - Stage moved to (15.183333333333334, 35.65) on attempt 1
2025-06-12 11:33:54,932 - INFO - Sensor measured value: 1.1925966566408743
2025-06-12 11:33:54,935 - INFO - Points (15.183333333333334, 35.65) - Raw: 1.1925966566408743, Filtered: 1.02
2025-06-12 11:33:55,038 - INFO - Stage moved to (10.122222222222222, 35.65) on attempt 1
2025-06-12 11:33:55,040 - INFO - Sensor measured value: 1.233650369521545
2025-06-12 11:33:55,041 - INFO - Points (10.122222222222222, 35.65) - Raw: 1.233650369521545, Filtered: 0.99
2025-06-12 11:33:55,144 - INFO - Stage moved to (5.061111111111111, 35.65) on attempt 1
2025-06-12 11:33:55,149 - INFO - Sensor measured value: 0.8982142899417325
2025-06-12 11:33:55,156 - INFO - Points (5.061111111111111, 35.65) - Raw: 0.8982142899417325, Filtered: 1.0
2025-06-12 11:33:55,261 - INFO - Stage moved to (0.0, 35.65) on attempt 1
2025-06-12 11:33:55,264 - INFO - Sensor measured value: 1.0964546384883869
2025-06-12 11:33:55,267 - INFO - Points (0.0, 35.65) - Raw: 1.0964546384883869, Filtered: 1.02
2025-06-12 11:33:55,270 - INFO - Detected peak value is 1.17 at (20.244444444444444 and 5.027777777777778)
2025-06-12 11:33:55,292 - INFO - Scan data saved to output/scan_data.csv
2025-06-12 11:33:55,313 - INFO - Peak value written to output/scan_data.csv
