2026-01-20 18:38:09,529 - INFO - Scan controller started.
2026-01-20 18:38:09,629 - INFO - Stage moved to (0, 0) on attempt 1
2026-01-20 18:38:09,630 - INFO - Sensor measured value: 0.9953450880392266
2026-01-20 18:38:09,630 - INFO - Points (0, 0) - Raw: 0.9953450880392266, Filtered: 1.0
2026-01-20 18:38:09,731 - WARNING - Move failed at attempt 1: Stage timeout moving to (5.00,0.00)
2026-01-20 18:38:10,832 - INFO - Stage moved to (5, 0) on attempt 2
2026-01-20 18:38:10,832 - WARNING - Measurement failed at attempt 1: Received no value from the sensor at (5,0) 
2026-01-20 18:38:11,833 - INFO - Sensor measured value: 0.9595105531047964
2026-01-20 18:38:11,834 - INFO - Points (5, 0) - Raw: 0.9595105531047964, Filtered: 0.98
2026-01-20 18:38:11,934 - INFO - Stage moved to (11, 0) on attempt 1
2026-01-20 18:38:11,934 - INFO - Sensor measured value: 1.0226342612780495
2026-01-20 18:38:11,934 - INFO - Points (11, 0) - Raw: 1.0226342612780495, Filtered: 0.99
2026-01-20 18:38:12,035 - INFO - Stage moved to (16, 0) on attempt 1
2026-01-20 18:38:12,036 - WARNING - Measurement failed at attempt 1: Sensor read error at (16,0) 
2026-01-20 18:38:13,036 - INFO - Sensor measured value: 1.1853367211055599
2026-01-20 18:38:13,037 - INFO - Points (16, 0) - Raw: 1.1853367211055599, Filtered: 1.04
2026-01-20 18:38:13,137 - INFO - Stage moved to (22, 0) on attempt 1
2026-01-20 18:38:13,137 - INFO - Sensor measured value: 1.2070470508026312
2026-01-20 18:38:13,138 - INFO - Points (22, 0) - Raw: 1.2070470508026312, Filtered: 1.07
2026-01-20 18:38:13,238 - INFO - Stage moved to (27, 0) on attempt 1
2026-01-20 18:38:13,239 - INFO - Sensor measured value: 0.9744292533976001
2026-01-20 18:38:13,239 - INFO - Points (27, 0) - Raw: 0.9744292533976001, Filtered: 1.06
2026-01-20 18:38:13,340 - INFO - Stage moved to (33, 0) on attempt 1
2026-01-20 18:38:13,340 - INFO - Sensor measured value: 0.6804231457830188
2026-01-20 18:38:13,341 - INFO - Points (33, 0) - Raw: 0.6804231457830188, Filtered: 1.0
2026-01-20 18:38:13,441 - INFO - Stage moved to (38, 0) on attempt 1
2026-01-20 18:38:13,442 - INFO - Sensor measured value: 1.2182889044796559
2026-01-20 18:38:13,442 - INFO - Points (38, 0) - Raw: 1.2182889044796559, Filtered: 1.05
2026-01-20 18:38:13,543 - INFO - Stage moved to (44, 0) on attempt 1
2026-01-20 18:38:13,543 - INFO - Sensor measured value: 0.8686234992699496
2026-01-20 18:38:13,544 - INFO - Points (44, 0) - Raw: 0.8686234992699496, Filtered: 1.02
2026-01-20 18:38:13,644 - INFO - Stage moved to (50, 0) on attempt 1
2026-01-20 18:38:13,644 - INFO - Sensor measured value: 0.9941160814037984
2026-01-20 18:38:13,645 - INFO - Points (50, 0) - Raw: 0.9941160814037984, Filtered: 0.99
2026-01-20 18:38:13,745 - WARNING - Move failed at attempt 1: Stage timeout moving to (50.00,5.00)
2026-01-20 18:38:14,846 - INFO - Stage moved to (50, 5) on attempt 2
2026-01-20 18:38:14,847 - INFO - Sensor measured value: 1.1129387911312714
2026-01-20 18:38:14,847 - INFO - Points (50, 5) - Raw: 1.1129387911312714, Filtered: 0.97
2026-01-20 18:38:14,948 - INFO - Stage moved to (44, 5) on attempt 1
2026-01-20 18:38:14,948 - INFO - Sensor measured value: 0.5647791641311359
2026-01-20 18:38:14,948 - INFO - Points (44, 5) - Raw: 0.5647791641311359, Filtered: 0.91
2026-01-20 18:38:15,049 - INFO - Stage moved to (38, 5) on attempt 1
2026-01-20 18:38:15,049 - INFO - Sensor measured value: 0.9458816177495363
2026-01-20 18:38:15,049 - INFO - Points (38, 5) - Raw: 0.9458816177495363, Filtered: 0.95
2026-01-20 18:38:15,150 - INFO - Stage moved to (33, 5) on attempt 1
2026-01-20 18:38:15,150 - INFO - Sensor measured value: 0.9594503874234833
2026-01-20 18:38:15,150 - INFO - Points (33, 5) - Raw: 0.9594503874234833, Filtered: 0.91
2026-01-20 18:38:15,251 - INFO - Stage moved to (27, 5) on attempt 1
2026-01-20 18:38:15,251 - INFO - Sensor measured value: 0.9670304112829111
2026-01-20 18:38:15,251 - INFO - Points (27, 5) - Raw: 0.9670304112829111, Filtered: 0.92
2026-01-20 18:38:15,352 - INFO - Stage moved to (22, 5) on attempt 1
2026-01-20 18:38:15,352 - INFO - Sensor measured value: 1.3774428578690987
2026-01-20 18:38:15,352 - INFO - Points (22, 5) - Raw: 1.3774428578690987, Filtered: 0.99
2026-01-20 18:38:15,454 - INFO - Stage moved to (16, 5) on attempt 1
2026-01-20 18:38:15,454 - WARNING - Measurement failed at attempt 1: Received no value from the sensor at (16,5) 
2026-01-20 18:38:16,454 - INFO - Sensor measured value: 1.1989784784634738
2026-01-20 18:38:16,455 - INFO - Points (16, 5) - Raw: 1.1989784784634738, Filtered: 1.0
2026-01-20 18:38:16,555 - INFO - Stage moved to (11, 5) on attempt 1
2026-01-20 18:38:16,555 - INFO - Sensor measured value: 1.2779315146663934
2026-01-20 18:38:16,555 - INFO - Points (11, 5) - Raw: 1.2779315146663934, Filtered: 1.12
2026-01-20 18:38:16,656 - INFO - Stage moved to (5, 5) on attempt 1
2026-01-20 18:38:16,656 - INFO - Sensor measured value: 0.928662497391714
2026-01-20 18:38:16,657 - INFO - Points (5, 5) - Raw: 0.928662497391714, Filtered: 1.12
2026-01-20 18:38:16,757 - INFO - Stage moved to (0, 5) on attempt 1
2026-01-20 18:38:16,757 - INFO - Sensor measured value: 0.9548844171106986
2026-01-20 18:38:16,758 - INFO - Points (0, 5) - Raw: 0.9548844171106986, Filtered: 1.12
2026-01-20 18:38:16,858 - INFO - Stage moved to (0, 11) on attempt 1
2026-01-20 18:38:16,859 - INFO - Sensor measured value: 1.1264062998083988
2026-01-20 18:38:16,859 - INFO - Points (0, 11) - Raw: 1.1264062998083988, Filtered: 1.14
2026-01-20 18:38:16,960 - INFO - Stage moved to (5, 11) on attempt 1
2026-01-20 18:38:16,960 - INFO - Sensor measured value: 0.7363849490206424
2026-01-20 18:38:16,960 - INFO - Points (5, 11) - Raw: 0.7363849490206424, Filtered: 1.04
2026-01-20 18:38:17,061 - INFO - Stage moved to (11, 11) on attempt 1
2026-01-20 18:38:17,061 - WARNING - Measurement failed at attempt 1: Sensor read error at (11,11) 
2026-01-20 18:38:18,063 - INFO - Sensor measured value: 0.643922646667404
2026-01-20 18:38:18,063 - INFO - Points (11, 11) - Raw: 0.643922646667404, Filtered: 0.94
2026-01-20 18:38:18,164 - INFO - Stage moved to (16, 11) on attempt 1
2026-01-20 18:38:18,164 - INFO - Sensor measured value: 1.34079504052364
2026-01-20 18:38:18,164 - INFO - Points (16, 11) - Raw: 1.34079504052364, Filtered: 0.96
2026-01-20 18:38:18,265 - INFO - Stage moved to (22, 11) on attempt 1
2026-01-20 18:38:18,265 - WARNING - Measurement failed at attempt 1: Received no value from the sensor at (22,11) 
2026-01-20 18:38:19,265 - INFO - Sensor measured value: 1.3078501373669047
2026-01-20 18:38:19,266 - INFO - Points (22, 11) - Raw: 1.3078501373669047, Filtered: 1.02
2026-01-20 18:38:19,366 - WARNING - Move failed at attempt 1: Stage timeout moving to (27.00,11.00)
2026-01-20 18:38:20,467 - INFO - Stage moved to (27, 11) on attempt 2
2026-01-20 18:38:20,468 - INFO - Sensor measured value: 0.8406148565713705
2026-01-20 18:38:20,468 - INFO - Points (27, 11) - Raw: 0.8406148565713705, Filtered: 1.0
2026-01-20 18:38:20,569 - INFO - Stage moved to (33, 11) on attempt 1
2026-01-20 18:38:20,569 - WARNING - Measurement failed at attempt 1: Received no value from the sensor at (33,11) 
2026-01-20 18:38:21,570 - WARNING - Measurement failed at attempt 2: Sensor read error at (33,11) 
2026-01-20 18:38:22,571 - INFO - Sensor measured value: 1.322704843744975
2026-01-20 18:38:22,572 - INFO - Points (33, 11) - Raw: 1.322704843744975, Filtered: 1.03
2026-01-20 18:38:22,672 - INFO - Stage moved to (38, 11) on attempt 1
2026-01-20 18:38:22,673 - INFO - Sensor measured value: 1.0390000353834012
2026-01-20 18:38:22,673 - INFO - Points (38, 11) - Raw: 1.0390000353834012, Filtered: 1.08
2026-01-20 18:38:22,774 - INFO - Stage moved to (44, 11) on attempt 1
2026-01-20 18:38:22,774 - WARNING - Measurement failed at attempt 1: Received no value from the sensor at (44,11) 
2026-01-20 18:38:23,775 - INFO - Sensor measured value: 0.8264894771348373
2026-01-20 18:38:23,775 - INFO - Points (44, 11) - Raw: 0.8264894771348373, Filtered: 1.11
2026-01-20 18:38:23,876 - INFO - Stage moved to (50, 11) on attempt 1
2026-01-20 18:38:23,876 - INFO - Sensor measured value: 1.0143047769663807
2026-01-20 18:38:23,876 - INFO - Points (50, 11) - Raw: 1.0143047769663807, Filtered: 1.06
2026-01-20 18:38:23,977 - INFO - Stage moved to (50, 16) on attempt 1
2026-01-20 18:38:23,978 - INFO - Sensor measured value: 0.9293488914762408
2026-01-20 18:38:23,978 - INFO - Points (50, 16) - Raw: 0.9293488914762408, Filtered: 1.0
2026-01-20 18:38:24,079 - INFO - Stage moved to (44, 16) on attempt 1
2026-01-20 18:38:24,080 - INFO - Sensor measured value: 0.8407553373202458
2026-01-20 18:38:24,080 - INFO - Points (44, 16) - Raw: 0.8407553373202458, Filtered: 1.0
2026-01-20 18:38:24,181 - INFO - Stage moved to (38, 16) on attempt 1
2026-01-20 18:38:24,181 - WARNING - Measurement failed at attempt 1: Sensor read error at (38,16) 
2026-01-20 18:38:25,182 - INFO - Sensor measured value: 0.9762961517806488
2026-01-20 18:38:25,183 - INFO - Points (38, 16) - Raw: 0.9762961517806488, Filtered: 0.94
2026-01-20 18:38:25,284 - INFO - Stage moved to (33, 16) on attempt 1
2026-01-20 18:38:25,284 - INFO - Sensor measured value: 0.7794331370407916
2026-01-20 18:38:25,285 - INFO - Points (33, 16) - Raw: 0.7794331370407916, Filtered: 0.89
2026-01-20 18:38:25,385 - INFO - Stage moved to (27, 16) on attempt 1
2026-01-20 18:38:25,386 - INFO - Sensor measured value: 0.8830919660559701
2026-01-20 18:38:25,386 - INFO - Points (27, 16) - Raw: 0.8830919660559701, Filtered: 0.9
2026-01-20 18:38:25,487 - INFO - Stage moved to (22, 16) on attempt 1
2026-01-20 18:38:25,487 - INFO - Sensor measured value: 1.1982013732198418
2026-01-20 18:38:25,487 - INFO - Points (22, 16) - Raw: 1.1982013732198418, Filtered: 0.93
2026-01-20 18:38:25,588 - INFO - Stage moved to (16, 16) on attempt 1
2026-01-20 18:38:25,588 - INFO - Sensor measured value: 0.883335381921898
2026-01-20 18:38:25,589 - INFO - Points (16, 16) - Raw: 0.883335381921898, Filtered: 0.93
2026-01-20 18:38:25,690 - INFO - Stage moved to (11, 16) on attempt 1
2026-01-20 18:38:25,690 - INFO - Sensor measured value: 1.1746558943969039
2026-01-20 18:38:25,691 - INFO - Points (11, 16) - Raw: 1.1746558943969039, Filtered: 0.98
2026-01-20 18:38:25,791 - INFO - Stage moved to (5, 16) on attempt 1
2026-01-20 18:38:25,791 - INFO - Sensor measured value: 0.7496130422311549
2026-01-20 18:38:25,792 - INFO - Points (5, 16) - Raw: 0.7496130422311549, Filtered: 0.94
2026-01-20 18:38:25,892 - INFO - Stage moved to (0, 16) on attempt 1
2026-01-20 18:38:25,893 - INFO - Sensor measured value: 0.9693257361377084
2026-01-20 18:38:25,893 - INFO - Points (0, 16) - Raw: 0.9693257361377084, Filtered: 0.98
2026-01-20 18:38:25,994 - INFO - Stage moved to (0, 22) on attempt 1
2026-01-20 18:38:25,994 - INFO - Sensor measured value: 0.9640413859334642
2026-01-20 18:38:25,995 - INFO - Points (0, 22) - Raw: 0.9640413859334642, Filtered: 0.99
2026-01-20 18:38:26,095 - INFO - Stage moved to (5, 22) on attempt 1
2026-01-20 18:38:26,095 - INFO - Sensor measured value: 0.8515410731377707
2026-01-20 18:38:26,095 - INFO - Points (5, 22) - Raw: 0.8515410731377707, Filtered: 0.93
2026-01-20 18:38:26,196 - INFO - Stage moved to (11, 22) on attempt 1
2026-01-20 18:38:26,197 - WARNING - Measurement failed at attempt 1: Received no value from the sensor at (11,22) 
2026-01-20 18:38:27,197 - INFO - Sensor measured value: 0.7093282303493853
2026-01-20 18:38:27,198 - INFO - Points (11, 22) - Raw: 0.7093282303493853, Filtered: 0.9
2026-01-20 18:38:27,298 - INFO - Stage moved to (16, 22) on attempt 1
2026-01-20 18:38:27,299 - INFO - Sensor measured value: 0.9622006824237757
2026-01-20 18:38:27,299 - INFO - Points (16, 22) - Raw: 0.9622006824237757, Filtered: 0.87
2026-01-20 18:38:27,399 - INFO - Stage moved to (22, 22) on attempt 1
2026-01-20 18:38:27,399 - INFO - Sensor measured value: 0.8257362037852471
2026-01-20 18:38:27,400 - INFO - Points (22, 22) - Raw: 0.8257362037852471, Filtered: 0.88
2026-01-20 18:38:27,500 - INFO - Stage moved to (27, 22) on attempt 1
2026-01-20 18:38:27,500 - INFO - Sensor measured value: 0.9583189673282027
2026-01-20 18:38:27,501 - INFO - Points (27, 22) - Raw: 0.9583189673282027, Filtered: 0.88
2026-01-20 18:38:27,601 - INFO - Stage moved to (33, 22) on attempt 1
2026-01-20 18:38:27,601 - INFO - Sensor measured value: 1.0288639720676946
2026-01-20 18:38:27,601 - INFO - Points (33, 22) - Raw: 1.0288639720676946, Filtered: 0.89
2026-01-20 18:38:27,702 - INFO - Stage moved to (38, 22) on attempt 1
2026-01-20 18:38:27,703 - INFO - Sensor measured value: 1.2111510816931703
2026-01-20 18:38:27,703 - INFO - Points (38, 22) - Raw: 1.2111510816931703, Filtered: 0.95
2026-01-20 18:38:27,804 - WARNING - Move failed at attempt 1: Stage timeout moving to (44.00,22.00)
2026-01-20 18:38:28,906 - INFO - Stage moved to (44, 22) on attempt 2
2026-01-20 18:38:28,906 - INFO - Sensor measured value: 0.8401686218628812
2026-01-20 18:38:28,906 - INFO - Points (44, 22) - Raw: 0.8401686218628812, Filtered: 0.97
2026-01-20 18:38:29,007 - INFO - Stage moved to (50, 22) on attempt 1
2026-01-20 18:38:29,007 - INFO - Sensor measured value: 0.9841658667859385
2026-01-20 18:38:29,007 - INFO - Points (50, 22) - Raw: 0.9841658667859385, Filtered: 0.97
2026-01-20 18:38:29,109 - INFO - Stage moved to (50, 27) on attempt 1
2026-01-20 18:38:29,109 - INFO - Sensor measured value: 1.155524961361385
2026-01-20 18:38:29,109 - INFO - Points (50, 27) - Raw: 1.155524961361385, Filtered: 1.03
2026-01-20 18:38:29,210 - INFO - Stage moved to (44, 27) on attempt 1
2026-01-20 18:38:29,211 - INFO - Sensor measured value: 1.1581357977730853
2026-01-20 18:38:29,211 - INFO - Points (44, 27) - Raw: 1.1581357977730853, Filtered: 1.06
2026-01-20 18:38:29,311 - INFO - Stage moved to (38, 27) on attempt 1
2026-01-20 18:38:29,312 - INFO - Sensor measured value: 1.1726355864187892
2026-01-20 18:38:29,312 - INFO - Points (38, 27) - Raw: 1.1726355864187892, Filtered: 1.09
2026-01-20 18:38:29,412 - INFO - Stage moved to (33, 27) on attempt 1
2026-01-20 18:38:29,412 - WARNING - Measurement failed at attempt 1: Received no value from the sensor at (33,27) 
2026-01-20 18:38:30,413 - INFO - Sensor measured value: 0.858640354274758
2026-01-20 18:38:30,414 - INFO - Points (33, 27) - Raw: 0.858640354274758, Filtered: 1.03
2026-01-20 18:38:30,514 - INFO - Stage moved to (27, 27) on attempt 1
2026-01-20 18:38:30,514 - INFO - Sensor measured value: 0.9262170156744127
2026-01-20 18:38:30,514 - INFO - Points (27, 27) - Raw: 0.9262170156744127, Filtered: 1.04
2026-01-20 18:38:30,615 - WARNING - Move failed at attempt 1: Stage timeout moving to (22.00,27.00)
2026-01-20 18:38:31,716 - INFO - Stage moved to (22, 27) on attempt 2
2026-01-20 18:38:31,717 - INFO - Sensor measured value: 0.6097289443767803
2026-01-20 18:38:31,717 - INFO - Points (22, 27) - Raw: 0.6097289443767803, Filtered: 0.98
2026-01-20 18:38:31,818 - INFO - Stage moved to (16, 27) on attempt 1
2026-01-20 18:38:31,818 - INFO - Sensor measured value: 1.1415995581521137
2026-01-20 18:38:31,819 - INFO - Points (16, 27) - Raw: 1.1415995581521137, Filtered: 0.98
2026-01-20 18:38:31,919 - INFO - Stage moved to (11, 27) on attempt 1
2026-01-20 18:38:31,920 - INFO - Sensor measured value: 0.5982513923376395
2026-01-20 18:38:31,920 - INFO - Points (11, 27) - Raw: 0.5982513923376395, Filtered: 0.88
2026-01-20 18:38:32,020 - INFO - Stage moved to (5, 27) on attempt 1
2026-01-20 18:38:32,021 - INFO - Sensor measured value: 1.5278052170381118
2026-01-20 18:38:32,021 - INFO - Points (5, 27) - Raw: 1.5278052170381118, Filtered: 0.94
2026-01-20 18:38:32,122 - INFO - Stage moved to (0, 27) on attempt 1
2026-01-20 18:38:32,122 - INFO - Sensor measured value: 1.2007160299708308
2026-01-20 18:38:32,123 - INFO - Points (0, 27) - Raw: 1.2007160299708308, Filtered: 1.0
2026-01-20 18:38:32,223 - INFO - Stage moved to (0, 33) on attempt 1
2026-01-20 18:38:32,224 - INFO - Sensor measured value: 0.8171251817563354
2026-01-20 18:38:32,224 - INFO - Points (0, 33) - Raw: 0.8171251817563354, Filtered: 0.98
2026-01-20 18:38:32,325 - INFO - Stage moved to (5, 33) on attempt 1
2026-01-20 18:38:32,325 - INFO - Sensor measured value: 0.917417894457255
2026-01-20 18:38:32,325 - INFO - Points (5, 33) - Raw: 0.917417894457255, Filtered: 1.03
2026-01-20 18:38:32,426 - INFO - Stage moved to (11, 33) on attempt 1
2026-01-20 18:38:32,426 - INFO - Sensor measured value: 0.86774120645677
2026-01-20 18:38:32,426 - INFO - Points (11, 33) - Raw: 0.86774120645677, Filtered: 0.99
2026-01-20 18:38:32,528 - INFO - Stage moved to (16, 33) on attempt 1
2026-01-20 18:38:32,528 - INFO - Sensor measured value: 1.12688742430558
2026-01-20 18:38:32,528 - INFO - Points (16, 33) - Raw: 1.12688742430558, Filtered: 1.08
2026-01-20 18:38:32,629 - INFO - Stage moved to (22, 33) on attempt 1
2026-01-20 18:38:32,629 - INFO - Sensor measured value: 0.47236825533564364
2026-01-20 18:38:32,629 - INFO - Points (22, 33) - Raw: 0.47236825533564364, Filtered: 0.9
2026-01-20 18:38:32,730 - INFO - Stage moved to (27, 33) on attempt 1
2026-01-20 18:38:32,730 - INFO - Sensor measured value: 0.4682285893147061
2026-01-20 18:38:32,730 - INFO - Points (27, 33) - Raw: 0.4682285893147061, Filtered: 0.78
2026-01-20 18:38:32,832 - INFO - Stage moved to (33, 33) on attempt 1
2026-01-20 18:38:32,832 - INFO - Sensor measured value: 1.1403946255358821
2026-01-20 18:38:32,832 - INFO - Points (33, 33) - Raw: 1.1403946255358821, Filtered: 0.83
2026-01-20 18:38:32,933 - INFO - Stage moved to (38, 33) on attempt 1
2026-01-20 18:38:32,934 - WARNING - Measurement failed at attempt 1: Sensor read error at (38,33) 
2026-01-20 18:38:33,934 - INFO - Sensor measured value: 0.7828153815201165
2026-01-20 18:38:33,935 - INFO - Points (38, 33) - Raw: 0.7828153815201165, Filtered: 0.81
2026-01-20 18:38:34,035 - INFO - Stage moved to (44, 33) on attempt 1
2026-01-20 18:38:34,035 - INFO - Sensor measured value: 1.041492567184773
2026-01-20 18:38:34,036 - INFO - Points (44, 33) - Raw: 1.041492567184773, Filtered: 0.84
2026-01-20 18:38:34,136 - INFO - Stage moved to (50, 33) on attempt 1
2026-01-20 18:38:34,137 - INFO - Sensor measured value: 0.8769171666874191
2026-01-20 18:38:34,137 - INFO - Points (50, 33) - Raw: 0.8769171666874191, Filtered: 0.8
2026-01-20 18:38:34,237 - INFO - Stage moved to (50, 38) on attempt 1
2026-01-20 18:38:34,238 - WARNING - Measurement failed at attempt 1: Received no value from the sensor at (50,38) 
2026-01-20 18:38:35,238 - INFO - Sensor measured value: 0.5321283943032364
2026-01-20 18:38:35,239 - INFO - Points (50, 38) - Raw: 0.5321283943032364, Filtered: 0.81
2026-01-20 18:38:35,340 - INFO - Stage moved to (44, 38) on attempt 1
2026-01-20 18:38:35,341 - WARNING - Measurement failed at attempt 1: Sensor read error at (44,38) 
2026-01-20 18:38:36,342 - INFO - Sensor measured value: 1.0436837201875682
2026-01-20 18:38:36,343 - INFO - Points (44, 38) - Raw: 1.0436837201875682, Filtered: 0.9
2026-01-20 18:38:36,443 - INFO - Stage moved to (38, 38) on attempt 1
2026-01-20 18:38:36,443 - INFO - Sensor measured value: 0.8232108789154846
2026-01-20 18:38:36,443 - INFO - Points (38, 38) - Raw: 0.8232108789154846, Filtered: 0.85
2026-01-20 18:38:36,544 - INFO - Stage moved to (33, 38) on attempt 1
2026-01-20 18:38:36,544 - INFO - Sensor measured value: 1.438375713361391
2026-01-20 18:38:36,544 - INFO - Points (33, 38) - Raw: 1.438375713361391, Filtered: 0.96
2026-01-20 18:38:36,644 - INFO - Stage moved to (27, 38) on attempt 1
2026-01-20 18:38:36,644 - INFO - Sensor measured value: 1.262980810745438
2026-01-20 18:38:36,645 - INFO - Points (27, 38) - Raw: 1.262980810745438, Filtered: 1.0
2026-01-20 18:38:36,745 - INFO - Stage moved to (22, 38) on attempt 1
2026-01-20 18:38:36,746 - INFO - Sensor measured value: 1.1826831291209876
2026-01-20 18:38:36,746 - INFO - Points (22, 38) - Raw: 1.1826831291209876, Filtered: 1.05
2026-01-20 18:38:36,846 - INFO - Stage moved to (16, 38) on attempt 1
2026-01-20 18:38:36,847 - INFO - Sensor measured value: 1.297235999787798
2026-01-20 18:38:36,847 - INFO - Points (16, 38) - Raw: 1.297235999787798, Filtered: 1.17
2026-01-20 18:38:36,947 - INFO - Stage moved to (11, 38) on attempt 1
2026-01-20 18:38:36,947 - INFO - Sensor measured value: 1.132774099097351
2026-01-20 18:38:36,948 - INFO - Points (11, 38) - Raw: 1.132774099097351, Filtered: 1.19
2026-01-20 18:38:37,048 - INFO - Stage moved to (5, 38) on attempt 1
2026-01-20 18:38:37,048 - INFO - Sensor measured value: 0.8923627004073001
2026-01-20 18:38:37,048 - INFO - Points (5, 38) - Raw: 0.8923627004073001, Filtered: 1.2
2026-01-20 18:38:37,149 - INFO - Stage moved to (0, 38) on attempt 1
2026-01-20 18:38:37,149 - INFO - Sensor measured value: 1.0865014327726517
2026-01-20 18:38:37,149 - INFO - Points (0, 38) - Raw: 1.0865014327726517, Filtered: 1.14
2026-01-20 18:38:37,250 - INFO - Stage moved to (0, 44) on attempt 1
2026-01-20 18:38:37,250 - WARNING - Measurement failed at attempt 1: Received no value from the sensor at (0,44) 
2026-01-20 18:38:38,250 - INFO - Sensor measured value: 0.8694993012528323
2026-01-20 18:38:38,251 - INFO - Points (0, 44) - Raw: 0.8694993012528323, Filtered: 1.08
2026-01-20 18:38:38,351 - WARNING - Move failed at attempt 1: Stage timeout moving to (5.00,44.00)
2026-01-20 18:38:39,453 - INFO - Stage moved to (5, 44) on attempt 2
2026-01-20 18:38:39,453 - INFO - Sensor measured value: 0.9335176886426221
2026-01-20 18:38:39,453 - INFO - Points (5, 44) - Raw: 0.9335176886426221, Filtered: 1.04
2026-01-20 18:38:39,554 - INFO - Stage moved to (11, 44) on attempt 1
2026-01-20 18:38:39,554 - INFO - Sensor measured value: 1.0974443828189857
2026-01-20 18:38:39,554 - INFO - Points (11, 44) - Raw: 1.0974443828189857, Filtered: 1.0
2026-01-20 18:38:39,655 - INFO - Stage moved to (16, 44) on attempt 1
2026-01-20 18:38:39,655 - INFO - Sensor measured value: 1.0220057296909453
2026-01-20 18:38:39,656 - INFO - Points (16, 44) - Raw: 1.0220057296909453, Filtered: 0.98
2026-01-20 18:38:39,756 - WARNING - Move failed at attempt 1: Stage timeout moving to (22.00,44.00)
2026-01-20 18:38:40,857 - INFO - Stage moved to (22, 44) on attempt 2
2026-01-20 18:38:40,858 - INFO - Sensor measured value: 0.8874469933551496
2026-01-20 18:38:40,858 - INFO - Points (22, 44) - Raw: 0.8874469933551496, Filtered: 0.98
2026-01-20 18:38:40,959 - WARNING - Move failed at attempt 1: Stage timeout moving to (27.00,44.00)
2026-01-20 18:38:42,059 - INFO - Stage moved to (27, 44) on attempt 2
2026-01-20 18:38:42,060 - INFO - Sensor measured value: 0.8095686074792829
2026-01-20 18:38:42,060 - INFO - Points (27, 44) - Raw: 0.8095686074792829, Filtered: 0.94
2026-01-20 18:38:42,160 - INFO - Stage moved to (33, 44) on attempt 1
2026-01-20 18:38:42,161 - INFO - Sensor measured value: 1.2804983538576344
2026-01-20 18:38:42,161 - INFO - Points (33, 44) - Raw: 1.2804983538576344, Filtered: 1.01
2026-01-20 18:38:42,261 - INFO - Stage moved to (38, 44) on attempt 1
2026-01-20 18:38:42,262 - INFO - Sensor measured value: 0.7861551515299556
2026-01-20 18:38:42,262 - INFO - Points (38, 44) - Raw: 0.7861551515299556, Filtered: 0.98
2026-01-20 18:38:42,362 - INFO - Stage moved to (44, 44) on attempt 1
2026-01-20 18:38:42,363 - INFO - Sensor measured value: 0.9634719380267882
2026-01-20 18:38:42,363 - INFO - Points (44, 44) - Raw: 0.9634719380267882, Filtered: 0.96
2026-01-20 18:38:42,463 - INFO - Stage moved to (50, 44) on attempt 1
2026-01-20 18:38:42,464 - INFO - Sensor measured value: 0.7905953890934255
2026-01-20 18:38:42,464 - INFO - Points (50, 44) - Raw: 0.7905953890934255, Filtered: 0.92
2026-01-20 18:38:42,565 - INFO - Stage moved to (50, 50) on attempt 1
2026-01-20 18:38:42,565 - WARNING - Measurement failed at attempt 1: Sensor read error at (50,50) 
2026-01-20 18:38:43,566 - INFO - Sensor measured value: 0.990696418116698
2026-01-20 18:38:43,566 - INFO - Points (50, 50) - Raw: 0.990696418116698, Filtered: 0.94
2026-01-20 18:38:43,667 - INFO - Stage moved to (44, 50) on attempt 1
2026-01-20 18:38:43,667 - WARNING - Measurement failed at attempt 1: Sensor read error at (44,50) 
2026-01-20 18:38:44,668 - INFO - Sensor measured value: 0.8618125788866471
2026-01-20 18:38:44,668 - INFO - Points (44, 50) - Raw: 0.8618125788866471, Filtered: 0.95
2026-01-20 18:38:44,768 - INFO - Stage moved to (38, 50) on attempt 1
2026-01-20 18:38:44,769 - INFO - Sensor measured value: 1.241911126460715
2026-01-20 18:38:44,769 - INFO - Points (38, 50) - Raw: 1.241911126460715, Filtered: 0.94
2026-01-20 18:38:44,869 - INFO - Stage moved to (33, 50) on attempt 1
2026-01-20 18:38:44,870 - INFO - Sensor measured value: 1.1477624108360067
2026-01-20 18:38:44,870 - INFO - Points (33, 50) - Raw: 1.1477624108360067, Filtered: 1.0
2026-01-20 18:38:44,970 - INFO - Stage moved to (27, 50) on attempt 1
2026-01-20 18:38:44,971 - INFO - Sensor measured value: 1.3966010740739385
2026-01-20 18:38:44,971 - INFO - Points (27, 50) - Raw: 1.3966010740739385, Filtered: 1.07
2026-01-20 18:38:45,071 - INFO - Stage moved to (22, 50) on attempt 1
2026-01-20 18:38:45,072 - INFO - Sensor measured value: 0.9900975189427279
2026-01-20 18:38:45,072 - INFO - Points (22, 50) - Raw: 0.9900975189427279, Filtered: 1.1
2026-01-20 18:38:45,172 - INFO - Stage moved to (16, 50) on attempt 1
2026-01-20 18:38:45,173 - INFO - Sensor measured value: 1.214799510172731
2026-01-20 18:38:45,173 - INFO - Points (16, 50) - Raw: 1.214799510172731, Filtered: 1.14
2026-01-20 18:38:45,273 - INFO - Stage moved to (11, 50) on attempt 1
2026-01-20 18:38:45,274 - INFO - Sensor measured value: 1.2082608687815852
2026-01-20 18:38:45,274 - INFO - Points (11, 50) - Raw: 1.2082608687815852, Filtered: 1.2
2026-01-20 18:38:45,374 - INFO - Stage moved to (5, 50) on attempt 1
2026-01-20 18:38:45,375 - INFO - Sensor measured value: 0.7744092044928526
2026-01-20 18:38:45,375 - INFO - Points (5, 50) - Raw: 0.7744092044928526, Filtered: 1.12
2026-01-20 18:38:45,475 - INFO - Stage moved to (0, 50) on attempt 1
2026-01-20 18:38:45,476 - INFO - Sensor measured value: 1.4702450356979573
2026-01-20 18:38:45,476 - INFO - Points (0, 50) - Raw: 1.4702450356979573, Filtered: 1.18
2026-01-20 18:38:45,476 - INFO - Detected peak value is 1.2 at (5 and 38)
2026-01-20 18:38:45,478 - INFO - Scan data saved to output/scan_data.csv
2026-01-20 18:38:45,478 - INFO - Peak value written to output/scan_data.csv
